{"/Users/pauloweber/Documents/Projetos/PESSOAL/teste-novo/new-bank/src/app.module.ts": {"path":"/Users/pauloweber/Documents/Projetos/PESSOAL/teste-novo/new-bank/src/app.module.ts","statementMap":{"0":{"start":{"line":1,"column":0},"end":{"line":1,"column":48}},"1":{"start":{"line":2,"column":0},"end":{"line":2,"column":48}},"2":{"start":{"line":3,"column":0},"end":{"line":3,"column":51}},"3":{"start":{"line":4,"column":0},"end":{"line":4,"column":48}},"4":{"start":{"line":5,"column":0},"end":{"line":5,"column":57}},"5":{"start":{"line":6,"column":0},"end":{"line":6,"column":60}},"6":{"start":{"line":25,"column":7},"end":{"line":25,"column":null}},"7":{"start":{"line":25,"column":13},"end":{"line":25,"column":null}},"8":{"start":{"line":25,"column":13},"end":{"line":25,"column":22}}},"fnMap":{},"branchMap":{},"s":{"0":0,"1":0,"2":0,"3":0,"4":0,"5":0,"6":0,"7":0,"8":0},"f":{},"b":{}}
,"/Users/pauloweber/Documents/Projetos/PESSOAL/teste-novo/new-bank/src/main.ts": {"path":"/Users/pauloweber/Documents/Projetos/PESSOAL/teste-novo/new-bank/src/main.ts","statementMap":{"0":{"start":{"line":1,"column":0},"end":{"line":1,"column":48}},"1":{"start":{"line":2,"column":0},"end":{"line":2,"column":43}},"2":{"start":{"line":3,"column":0},"end":{"line":3,"column":47}},"3":{"start":{"line":4,"column":0},"end":{"line":4,"column":41}},"4":{"start":{"line":7,"column":14},"end":{"line":7,"column":49}},"5":{"start":{"line":8,"column":2},"end":{"line":8,"column":43}},"6":{"start":{"line":9,"column":2},"end":{"line":9,"column":25}},"7":{"start":{"line":10,"column":2},"end":{"line":10,"column":66}},"8":{"start":{"line":13,"column":0},"end":{"line":13,"column":12}}},"fnMap":{"0":{"name":"bootstrap","decl":{"start":{"line":6,"column":15},"end":{"line":6,"column":24}},"loc":{"start":{"line":6,"column":24},"end":{"line":11,"column":1}}}},"branchMap":{},"s":{"0":0,"1":0,"2":0,"3":0,"4":0,"5":0,"6":0,"7":0,"8":0},"f":{"0":0},"b":{}}
,"/Users/pauloweber/Documents/Projetos/PESSOAL/teste-novo/new-bank/src/account/account.controller.ts": {"path":"/Users/pauloweber/Documents/Projetos/PESSOAL/teste-novo/new-bank/src/account/account.controller.ts","statementMap":{"0":{"start":{"line":1,"column":0},"end":{"line":1,"column":75}},"1":{"start":{"line":2,"column":0},"end":{"line":2,"column":51}},"2":{"start":{"line":3,"column":0},"end":{"line":3,"column":null}},"3":{"start":{"line":10,"column":7},"end":{"line":38,"column":null}},"4":{"start":{"line":11,"column":31},"end":{"line":11,"column":47}},"5":{"start":{"line":15,"column":4},"end":{"line":15,"column":62}},"6":{"start":{"line":20,"column":4},"end":{"line":20,"column":52}},"7":{"start":{"line":28,"column":4},"end":{"line":28,"column":70}},"8":{"start":{"line":36,"column":4},"end":{"line":36,"column":72}},"9":{"start":{"line":14,"column":8},"end":{"line":16,"column":null}},"10":{"start":{"line":19,"column":8},"end":{"line":21,"column":null}},"11":{"start":{"line":24,"column":8},"end":{"line":29,"column":null}},"12":{"start":{"line":32,"column":8},"end":{"line":37,"column":null}},"13":{"start":{"line":10,"column":13},"end":{"line":38,"column":null}},"14":{"start":{"line":10,"column":13},"end":{"line":10,"column":30}}},"fnMap":{"0":{"name":"(anonymous_4)","decl":{"start":{"line":11,"column":2},"end":{"line":11,"column":31}},"loc":{"start":{"line":11,"column":61},"end":{"line":11,"column":65}}},"1":{"name":"(anonymous_5)","decl":{"start":{"line":14,"column":2},"end":{"line":14,"column":7}},"loc":{"start":{"line":14,"column":57},"end":{"line":16,"column":3}}},"2":{"name":"(anonymous_6)","decl":{"start":{"line":19,"column":2},"end":{"line":19,"column":7}},"loc":{"start":{"line":19,"column":43},"end":{"line":21,"column":3}}},"3":{"name":"(anonymous_7)","decl":{"start":{"line":24,"column":2},"end":{"line":24,"column":7}},"loc":{"start":{"line":26,"column":50},"end":{"line":29,"column":3}}},"4":{"name":"(anonymous_8)","decl":{"start":{"line":32,"column":2},"end":{"line":32,"column":7}},"loc":{"start":{"line":34,"column":52},"end":{"line":37,"column":3}}}},"branchMap":{},"s":{"0":1,"1":1,"2":1,"3":1,"4":5,"5":1,"6":1,"7":1,"8":1,"9":1,"10":1,"11":1,"12":1,"13":1,"14":1},"f":{"0":5,"1":1,"2":1,"3":1,"4":1},"b":{}}
,"/Users/pauloweber/Documents/Projetos/PESSOAL/teste-novo/new-bank/src/account/account.module.ts": {"path":"/Users/pauloweber/Documents/Projetos/PESSOAL/teste-novo/new-bank/src/account/account.module.ts","statementMap":{"0":{"start":{"line":1,"column":0},"end":{"line":1,"column":40}},"1":{"start":{"line":2,"column":0},"end":{"line":2,"column":51}},"2":{"start":{"line":3,"column":0},"end":{"line":3,"column":57}},"3":{"start":{"line":4,"column":0},"end":{"line":4,"column":48}},"4":{"start":{"line":5,"column":0},"end":{"line":5,"column":52}},"5":{"start":{"line":6,"column":0},"end":{"line":6,"column":49}},"6":{"start":{"line":13,"column":7},"end":{"line":13,"column":null}},"7":{"start":{"line":13,"column":13},"end":{"line":13,"column":null}},"8":{"start":{"line":13,"column":13},"end":{"line":13,"column":26}}},"fnMap":{},"branchMap":{},"s":{"0":0,"1":0,"2":0,"3":0,"4":0,"5":0,"6":0,"7":0,"8":0},"f":{},"b":{}}
,"/Users/pauloweber/Documents/Projetos/PESSOAL/teste-novo/new-bank/src/account/account.service.ts": {"path":"/Users/pauloweber/Documents/Projetos/PESSOAL/teste-novo/new-bank/src/account/account.service.ts","statementMap":{"0":{"start":{"line":1,"column":0},"end":{"line":1,"column":71}},"1":{"start":{"line":2,"column":0},"end":{"line":2,"column":51}},"2":{"start":{"line":3,"column":0},"end":{"line":3,"column":51}},"3":{"start":{"line":4,"column":0},"end":{"line":4,"column":48}},"4":{"start":{"line":5,"column":0},"end":{"line":5,"column":65}},"5":{"start":{"line":6,"column":0},"end":{"line":6,"column":37}},"6":{"start":{"line":12,"column":0},"end":{"line":12,"column":52}},"7":{"start":{"line":15,"column":7},"end":{"line":109,"column":null}},"8":{"start":{"line":18,"column":12},"end":{"line":18,"column":31}},"9":{"start":{"line":19,"column":12},"end":{"line":19,"column":25}},"10":{"start":{"line":23,"column":4},"end":{"line":47,"column":null}},"11":{"start":{"line":24,"column":22},"end":{"line":24,"column":35}},"12":{"start":{"line":25,"column":19},"end":{"line":26,"column":16}},"13":{"start":{"line":27,"column":6},"end":{"line":27,"column":35}},"14":{"start":{"line":27,"column":17},"end":{"line":27,"column":35}},"15":{"start":{"line":29,"column":6},"end":{"line":29,"column":29}},"16":{"start":{"line":30,"column":6},"end":{"line":30,"column":49}},"17":{"start":{"line":31,"column":6},"end":{"line":31,"column":26}},"18":{"start":{"line":33,"column":23},"end":{"line":33,"column":65}},"19":{"start":{"line":34,"column":6},"end":{"line":38,"column":8}},"20":{"start":{"line":40,"column":6},"end":{"line":46,"column":8}},"21":{"start":{"line":51,"column":4},"end":{"line":55,"column":17}},"22":{"start":{"line":59,"column":4},"end":{"line":76,"column":null}},"23":{"start":{"line":60,"column":22},"end":{"line":60,"column":68}},"24":{"start":{"line":62,"column":6},"end":{"line":62,"column":52}},"25":{"start":{"line":63,"column":6},"end":{"line":63,"column":63}},"26":{"start":{"line":65,"column":6},"end":{"line":65,"column":37}},"27":{"start":{"line":67,"column":6},"end":{"line":67,"column":74}},"28":{"start":{"line":69,"column":6},"end":{"line":75,"column":8}},"29":{"start":{"line":80,"column":4},"end":{"line":98,"column":null}},"30":{"start":{"line":81,"column":22},"end":{"line":81,"column":68}},"31":{"start":{"line":82,"column":6},"end":{"line":82,"column":53}},"32":{"start":{"line":83,"column":6},"end":{"line":83,"column":63}},"33":{"start":{"line":84,"column":23},"end":{"line":84,"column":53}},"34":{"start":{"line":85,"column":6},"end":{"line":89,"column":8}},"35":{"start":{"line":91,"column":6},"end":{"line":97,"column":8}},"36":{"start":{"line":102,"column":4},"end":{"line":107,"column":17}},"37":{"start":{"line":15,"column":13},"end":{"line":109,"column":null}},"38":{"start":{"line":15,"column":13},"end":{"line":15,"column":27}}},"fnMap":{"0":{"name":"(anonymous_4)","decl":{"start":{"line":16,"column":2},"end":{"line":16,"column":null}},"loc":{"start":{"line":19,"column":36},"end":{"line":20,"column":6}}},"1":{"name":"(anonymous_5)","decl":{"start":{"line":22,"column":2},"end":{"line":22,"column":7}},"loc":{"start":{"line":22,"column":49},"end":{"line":48,"column":3}}},"2":{"name":"(anonymous_6)","decl":{"start":{"line":50,"column":2},"end":{"line":50,"column":7}},"loc":{"start":{"line":50,"column":29},"end":{"line":56,"column":3}}},"3":{"name":"(anonymous_7)","decl":{"start":{"line":58,"column":2},"end":{"line":58,"column":7}},"loc":{"start":{"line":58,"column":67},"end":{"line":77,"column":3}}},"4":{"name":"(anonymous_8)","decl":{"start":{"line":79,"column":2},"end":{"line":79,"column":7}},"loc":{"start":{"line":79,"column":70},"end":{"line":99,"column":3}}},"5":{"name":"(anonymous_9)","decl":{"start":{"line":101,"column":2},"end":{"line":101,"column":7}},"loc":{"start":{"line":101,"column":43},"end":{"line":108,"column":3}}}},"branchMap":{"0":{"loc":{"start":{"line":27,"column":6},"end":{"line":27,"column":35}},"type":"if","locations":[{"start":{"line":27,"column":6},"end":{"line":27,"column":35}}]}},"s":{"0":1,"1":1,"2":1,"3":1,"4":1,"5":1,"6":1,"7":1,"8":0,"9":0,"10":0,"11":0,"12":0,"13":0,"14":0,"15":0,"16":0,"17":0,"18":0,"19":0,"20":0,"21":0,"22":0,"23":0,"24":0,"25":0,"26":0,"27":0,"28":0,"29":0,"30":0,"31":0,"32":0,"33":0,"34":0,"35":0,"36":0,"37":1,"38":1},"f":{"0":0,"1":0,"2":0,"3":0,"4":0,"5":0},"b":{"0":[0]}}
,"/Users/pauloweber/Documents/Projetos/PESSOAL/teste-novo/new-bank/src/account/dto/_index.ts": {"path":"/Users/pauloweber/Documents/Projetos/PESSOAL/teste-novo/new-bank/src/account/dto/_index.ts","statementMap":{"0":{"start":{"line":1,"column":0},"end":{"line":1,"column":9}},"1":{"start":{"line":5,"column":50},"end":{"line":1,"column":56}},"2":{"start":{"line":2,"column":0},"end":{"line":2,"column":9}},"3":{"start":{"line":5,"column":29},"end":{"line":2,"column":62}},"4":{"start":{"line":3,"column":0},"end":{"line":3,"column":9}},"5":{"start":{"line":5,"column":9},"end":{"line":3,"column":60}}},"fnMap":{"0":{"name":"(anonymous_0)","decl":{"start":{"line":5,"column":50},"end":{"line":5,"column":66}},"loc":{"start":{"line":5,"column":50},"end":{"line":1,"column":56}}},"1":{"name":"(anonymous_1)","decl":{"start":{"line":5,"column":29},"end":{"line":5,"column":48}},"loc":{"start":{"line":5,"column":29},"end":{"line":2,"column":62}}},"2":{"name":"(anonymous_2)","decl":{"start":{"line":5,"column":9},"end":{"line":5,"column":27}},"loc":{"start":{"line":5,"column":9},"end":{"line":3,"column":60}}}},"branchMap":{},"s":{"0":1,"1":2,"2":1,"3":2,"4":1,"5":2},"f":{"0":1,"1":1,"2":1},"b":{}}
,"/Users/pauloweber/Documents/Projetos/PESSOAL/teste-novo/new-bank/src/account/dto/create-account.dto.ts": {"path":"/Users/pauloweber/Documents/Projetos/PESSOAL/teste-novo/new-bank/src/account/dto/create-account.dto.ts","statementMap":{"0":{"start":{"line":1,"column":0},"end":{"line":1,"column":51}},"1":{"start":{"line":2,"column":0},"end":{"line":2,"column":45}},"2":{"start":{"line":3,"column":0},"end":{"line":3,"column":63}},"3":{"start":{"line":6,"column":2},"end":{"line":7,"column":null}},"4":{"start":{"line":5,"column":0},"end":{"line":5,"column":13}}},"fnMap":{},"branchMap":{},"s":{"0":1,"1":1,"2":1,"3":1,"4":1},"f":{},"b":{}}
,"/Users/pauloweber/Documents/Projetos/PESSOAL/teste-novo/new-bank/src/account/dto/discharge-account.dto.ts": {"path":"/Users/pauloweber/Documents/Projetos/PESSOAL/teste-novo/new-bank/src/account/dto/discharge-account.dto.ts","statementMap":{"0":{"start":{"line":1,"column":0},"end":{"line":1,"column":55}},"1":{"start":{"line":4,"column":2},"end":{"line":6,"column":null}},"2":{"start":{"line":3,"column":0},"end":{"line":3,"column":13}}},"fnMap":{},"branchMap":{},"s":{"0":1,"1":1,"2":1},"f":{},"b":{}}
,"/Users/pauloweber/Documents/Projetos/PESSOAL/teste-novo/new-bank/src/account/dto/recharge-account-dto.ts": {"path":"/Users/pauloweber/Documents/Projetos/PESSOAL/teste-novo/new-bank/src/account/dto/recharge-account-dto.ts","statementMap":{"0":{"start":{"line":1,"column":0},"end":{"line":1,"column":55}},"1":{"start":{"line":4,"column":2},"end":{"line":6,"column":null}},"2":{"start":{"line":3,"column":0},"end":{"line":3,"column":13}}},"fnMap":{},"branchMap":{},"s":{"0":1,"1":1,"2":1},"f":{},"b":{}}
,"/Users/pauloweber/Documents/Projetos/PESSOAL/teste-novo/new-bank/src/account/entities/account.entity.ts": {"path":"/Users/pauloweber/Documents/Projetos/PESSOAL/teste-novo/new-bank/src/account/entities/account.entity.ts","statementMap":{"0":{"start":{"line":1,"column":0},"end":{"line":1,"column":55}},"1":{"start":{"line":2,"column":0},"end":{"line":2,"column":82}},"2":{"start":{"line":3,"column":0},"end":{"line":3,"column":76}},"3":{"start":{"line":6,"column":7},"end":{"line":33,"column":null}},"4":{"start":{"line":28,"column":4},"end":{"line":28,"column":26}},"5":{"start":{"line":29,"column":4},"end":{"line":29,"column":34}},"6":{"start":{"line":30,"column":4},"end":{"line":30,"column":34}},"7":{"start":{"line":31,"column":4},"end":{"line":31,"column":30}},"8":{"start":{"line":7,"column":2},"end":{"line":8,"column":null}},"9":{"start":{"line":10,"column":2},"end":{"line":11,"column":null}},"10":{"start":{"line":13,"column":2},"end":{"line":14,"column":null}},"11":{"start":{"line":16,"column":2},"end":{"line":22,"column":null}},"12":{"start":{"line":24,"column":2},"end":{"line":25,"column":null}},"13":{"start":{"line":24,"column":19},"end":{"line":24,"column":23}},"14":{"start":{"line":24,"column":35},"end":{"line":24,"column":48}},"15":{"start":{"line":6,"column":13},"end":{"line":33,"column":null}},"16":{"start":{"line":6,"column":13},"end":{"line":6,"column":20}}},"fnMap":{"0":{"name":"(anonymous_2)","decl":{"start":{"line":27,"column":2},"end":{"line":27,"column":14}},"loc":{"start":{"line":27,"column":40},"end":{"line":32,"column":3}}},"1":{"name":"(anonymous_3)","decl":{"start":{"line":24,"column":13},"end":{"line":24,"column":16}},"loc":{"start":{"line":24,"column":19},"end":{"line":24,"column":23}}},"2":{"name":"(anonymous_4)","decl":{"start":{"line":24,"column":25},"end":{"line":24,"column":26}},"loc":{"start":{"line":24,"column":35},"end":{"line":24,"column":48}}}},"branchMap":{"0":{"loc":{"start":{"line":28,"column":14},"end":{"line":28,"column":25}},"type":"cond-expr","locations":[{"start":{"line":28,"column":21},"end":{"line":28,"column":23}},{"start":{"line":28,"column":14},"end":{"line":28,"column":25}}]},"1":{"loc":{"start":{"line":28,"column":14},"end":{"line":28,"column":23}},"type":"binary-expr","locations":[{"start":{"line":28,"column":14},"end":{"line":28,"column":23}},{"start":{"line":28,"column":14},"end":{"line":28,"column":23}}]},"2":{"loc":{"start":{"line":29,"column":18},"end":{"line":29,"column":33}},"type":"cond-expr","locations":[{"start":{"line":29,"column":25},"end":{"line":29,"column":27}},{"start":{"line":29,"column":18},"end":{"line":29,"column":33}}]},"3":{"loc":{"start":{"line":29,"column":18},"end":{"line":29,"column":27}},"type":"binary-expr","locations":[{"start":{"line":29,"column":18},"end":{"line":29,"column":27}},{"start":{"line":29,"column":18},"end":{"line":29,"column":27}}]},"4":{"loc":{"start":{"line":30,"column":18},"end":{"line":30,"column":33}},"type":"cond-expr","locations":[{"start":{"line":30,"column":25},"end":{"line":30,"column":27}},{"start":{"line":30,"column":18},"end":{"line":30,"column":33}}]},"5":{"loc":{"start":{"line":30,"column":18},"end":{"line":30,"column":27}},"type":"binary-expr","locations":[{"start":{"line":30,"column":18},"end":{"line":30,"column":27}},{"start":{"line":30,"column":18},"end":{"line":30,"column":27}}]},"6":{"loc":{"start":{"line":31,"column":16},"end":{"line":31,"column":29}},"type":"cond-expr","locations":[{"start":{"line":31,"column":23},"end":{"line":31,"column":25}},{"start":{"line":31,"column":16},"end":{"line":31,"column":29}}]},"7":{"loc":{"start":{"line":31,"column":16},"end":{"line":31,"column":25}},"type":"binary-expr","locations":[{"start":{"line":31,"column":16},"end":{"line":31,"column":25}},{"start":{"line":31,"column":16},"end":{"line":31,"column":25}}]}},"s":{"0":3,"1":3,"2":3,"3":3,"4":2,"5":2,"6":2,"7":2,"8":3,"9":3,"10":3,"11":3,"12":3,"13":0,"14":0,"15":3,"16":3},"f":{"0":2,"1":0,"2":0},"b":{"0":[1,1],"1":[2,2],"2":[1,1],"3":[2,2],"4":[1,1],"5":[2,2],"6":[1,1],"7":[2,2]}}
,"/Users/pauloweber/Documents/Projetos/PESSOAL/teste-novo/new-bank/src/user/user.controller.ts": {"path":"/Users/pauloweber/Documents/Projetos/PESSOAL/teste-novo/new-bank/src/user/user.controller.ts","statementMap":{"0":{"start":{"line":1,"column":0},"end":{"line":1,"column":56}},"1":{"start":{"line":2,"column":0},"end":{"line":2,"column":45}},"2":{"start":{"line":3,"column":0},"end":{"line":3,"column":54}},"3":{"start":{"line":6,"column":7},"end":{"line":13,"column":null}},"4":{"start":{"line":7,"column":31},"end":{"line":7,"column":44}},"5":{"start":{"line":11,"column":4},"end":{"line":11,"column":56}},"6":{"start":{"line":10,"column":8},"end":{"line":12,"column":null}},"7":{"start":{"line":6,"column":13},"end":{"line":13,"column":null}},"8":{"start":{"line":6,"column":13},"end":{"line":6,"column":27}}},"fnMap":{"0":{"name":"(anonymous_4)","decl":{"start":{"line":7,"column":2},"end":{"line":7,"column":31}},"loc":{"start":{"line":7,"column":55},"end":{"line":7,"column":59}}},"1":{"name":"(anonymous_5)","decl":{"start":{"line":10,"column":2},"end":{"line":10,"column":7}},"loc":{"start":{"line":10,"column":51},"end":{"line":12,"column":3}}}},"branchMap":{},"s":{"0":2,"1":2,"2":2,"3":2,"4":7,"5":1,"6":2,"7":2,"8":2},"f":{"0":7,"1":1},"b":{}}
,"/Users/pauloweber/Documents/Projetos/PESSOAL/teste-novo/new-bank/src/user/user.module.ts": {"path":"/Users/pauloweber/Documents/Projetos/PESSOAL/teste-novo/new-bank/src/user/user.module.ts","statementMap":{"0":{"start":{"line":1,"column":0},"end":{"line":1,"column":40}},"1":{"start":{"line":2,"column":0},"end":{"line":2,"column":45}},"2":{"start":{"line":3,"column":0},"end":{"line":3,"column":51}},"3":{"start":{"line":4,"column":0},"end":{"line":4,"column":48}},"4":{"start":{"line":5,"column":0},"end":{"line":5,"column":46}},"5":{"start":{"line":6,"column":0},"end":{"line":6,"column":70}},"6":{"start":{"line":7,"column":0},"end":{"line":7,"column":66}},"7":{"start":{"line":15,"column":7},"end":{"line":15,"column":null}},"8":{"start":{"line":15,"column":13},"end":{"line":15,"column":null}},"9":{"start":{"line":15,"column":13},"end":{"line":15,"column":23}}},"fnMap":{},"branchMap":{},"s":{"0":0,"1":0,"2":0,"3":0,"4":0,"5":0,"6":0,"7":0,"8":0,"9":0},"f":{},"b":{}}
,"/Users/pauloweber/Documents/Projetos/PESSOAL/teste-novo/new-bank/src/user/user.service.ts": {"path":"/Users/pauloweber/Documents/Projetos/PESSOAL/teste-novo/new-bank/src/user/user.service.ts","statementMap":{"0":{"start":{"line":1,"column":0},"end":{"line":1,"column":71}},"1":{"start":{"line":2,"column":0},"end":{"line":2,"column":51}},"2":{"start":{"line":4,"column":0},"end":{"line":4,"column":37}},"3":{"start":{"line":6,"column":0},"end":{"line":6,"column":46}},"4":{"start":{"line":7,"column":0},"end":{"line":7,"column":61}},"5":{"start":{"line":8,"column":0},"end":{"line":8,"column":65}},"6":{"start":{"line":9,"column":0},"end":{"line":9,"column":48}},"7":{"start":{"line":12,"column":7},"end":{"line":90,"column":null}},"8":{"start":{"line":15,"column":12},"end":{"line":15,"column":29}},"9":{"start":{"line":19,"column":4},"end":{"line":48,"column":null}},"10":{"start":{"line":20,"column":19},"end":{"line":20,"column":29}},"11":{"start":{"line":21,"column":22},"end":{"line":21,"column":35}},"12":{"start":{"line":23,"column":6},"end":{"line":23,"column":30}},"13":{"start":{"line":24,"column":6},"end":{"line":24,"column":49}},"14":{"start":{"line":26,"column":6},"end":{"line":26,"column":37}},"15":{"start":{"line":27,"column":6},"end":{"line":27,"column":35}},"16":{"start":{"line":28,"column":6},"end":{"line":28,"column":43}},"17":{"start":{"line":29,"column":6},"end":{"line":29,"column":39}},"18":{"start":{"line":30,"column":6},"end":{"line":30,"column":39}},"19":{"start":{"line":31,"column":6},"end":{"line":31,"column":25}},"20":{"start":{"line":32,"column":6},"end":{"line":32,"column":34}},"21":{"start":{"line":34,"column":23},"end":{"line":34,"column":60}},"22":{"start":{"line":35,"column":6},"end":{"line":39,"column":8}},"23":{"start":{"line":41,"column":6},"end":{"line":47,"column":8}},"24":{"start":{"line":52,"column":4},"end":{"line":68,"column":null}},"25":{"start":{"line":53,"column":23},"end":{"line":53,"column":70}},"26":{"start":{"line":55,"column":6},"end":{"line":59,"column":8}},"27":{"start":{"line":61,"column":6},"end":{"line":67,"column":8}},"28":{"start":{"line":72,"column":4},"end":{"line":88,"column":null}},"29":{"start":{"line":73,"column":23},"end":{"line":73,"column":68}},"30":{"start":{"line":75,"column":6},"end":{"line":79,"column":8}},"31":{"start":{"line":81,"column":6},"end":{"line":87,"column":8}},"32":{"start":{"line":12,"column":13},"end":{"line":90,"column":null}},"33":{"start":{"line":12,"column":13},"end":{"line":12,"column":24}}},"fnMap":{"0":{"name":"(anonymous_4)","decl":{"start":{"line":13,"column":2},"end":{"line":13,"column":null}},"loc":{"start":{"line":15,"column":45},"end":{"line":16,"column":6}}},"1":{"name":"(anonymous_5)","decl":{"start":{"line":18,"column":2},"end":{"line":18,"column":7}},"loc":{"start":{"line":18,"column":43},"end":{"line":49,"column":3}}},"2":{"name":"(anonymous_6)","decl":{"start":{"line":51,"column":2},"end":{"line":51,"column":7}},"loc":{"start":{"line":51,"column":33},"end":{"line":69,"column":3}}},"3":{"name":"(anonymous_7)","decl":{"start":{"line":71,"column":2},"end":{"line":71,"column":7}},"loc":{"start":{"line":71,"column":29},"end":{"line":89,"column":3}}}},"branchMap":{},"s":{"0":3,"1":3,"2":3,"3":3,"4":3,"5":3,"6":3,"7":3,"8":5,"9":1,"10":1,"11":1,"12":1,"13":1,"14":1,"15":1,"16":1,"17":1,"18":1,"19":1,"20":1,"21":1,"22":1,"23":0,"24":2,"25":2,"26":2,"27":0,"28":1,"29":1,"30":1,"31":0,"32":3,"33":3},"f":{"0":5,"1":1,"2":2,"3":1},"b":{}}
,"/Users/pauloweber/Documents/Projetos/PESSOAL/teste-novo/new-bank/src/user/dto/create-user.dto.ts": {"path":"/Users/pauloweber/Documents/Projetos/PESSOAL/teste-novo/new-bank/src/user/dto/create-user.dto.ts","statementMap":{"0":{"start":{"line":1,"column":0},"end":{"line":1,"column":64}},"1":{"start":{"line":2,"column":0},"end":{"line":2,"column":58}},"2":{"start":{"line":3,"column":0},"end":{"line":3,"column":62}},"3":{"start":{"line":6,"column":2},"end":{"line":8,"column":null}},"4":{"start":{"line":10,"column":2},"end":{"line":12,"column":null}},"5":{"start":{"line":14,"column":2},"end":{"line":15,"column":null}},"6":{"start":{"line":17,"column":2},"end":{"line":18,"column":null}},"7":{"start":{"line":20,"column":2},"end":{"line":23,"column":null}},"8":{"start":{"line":5,"column":0},"end":{"line":5,"column":13}}},"fnMap":{},"branchMap":{},"s":{"0":3,"1":3,"2":3,"3":3,"4":3,"5":3,"6":3,"7":3,"8":3},"f":{},"b":{}}
,"/Users/pauloweber/Documents/Projetos/PESSOAL/teste-novo/new-bank/src/user/entities/user.entity.ts": {"path":"/Users/pauloweber/Documents/Projetos/PESSOAL/teste-novo/new-bank/src/user/entities/user.entity.ts","statementMap":{"0":{"start":{"line":1,"column":0},"end":{"line":1,"column":64}},"1":{"start":{"line":2,"column":0},"end":{"line":2,"column":67}},"2":{"start":{"line":5,"column":7},"end":{"line":32,"column":null}},"3":{"start":{"line":25,"column":4},"end":{"line":25,"column":25}},"4":{"start":{"line":26,"column":4},"end":{"line":26,"column":27}},"5":{"start":{"line":27,"column":4},"end":{"line":27,"column":29}},"6":{"start":{"line":28,"column":4},"end":{"line":28,"column":29}},"7":{"start":{"line":29,"column":4},"end":{"line":29,"column":33}},"8":{"start":{"line":30,"column":4},"end":{"line":30,"column":35}},"9":{"start":{"line":6,"column":2},"end":{"line":7,"column":null}},"10":{"start":{"line":9,"column":2},"end":{"line":10,"column":null}},"11":{"start":{"line":12,"column":2},"end":{"line":13,"column":null}},"12":{"start":{"line":15,"column":2},"end":{"line":16,"column":null}},"13":{"start":{"line":18,"column":2},"end":{"line":19,"column":null}},"14":{"start":{"line":21,"column":2},"end":{"line":22,"column":null}},"15":{"start":{"line":21,"column":19},"end":{"line":21,"column":26}},"16":{"start":{"line":21,"column":41},"end":{"line":21,"column":53}},"17":{"start":{"line":5,"column":13},"end":{"line":32,"column":null}},"18":{"start":{"line":5,"column":13},"end":{"line":5,"column":17}}},"fnMap":{"0":{"name":"(anonymous_2)","decl":{"start":{"line":24,"column":2},"end":{"line":24,"column":14}},"loc":{"start":{"line":24,"column":34},"end":{"line":31,"column":3}}},"1":{"name":"(anonymous_3)","decl":{"start":{"line":21,"column":13},"end":{"line":21,"column":16}},"loc":{"start":{"line":21,"column":19},"end":{"line":21,"column":26}}},"2":{"name":"(anonymous_4)","decl":{"start":{"line":21,"column":28},"end":{"line":21,"column":29}},"loc":{"start":{"line":21,"column":41},"end":{"line":21,"column":53}}}},"branchMap":{"0":{"loc":{"start":{"line":25,"column":15},"end":{"line":25,"column":24}},"type":"cond-expr","locations":[{"start":{"line":25,"column":19},"end":{"line":25,"column":21}},{"start":{"line":25,"column":15},"end":{"line":25,"column":24}}]},"1":{"loc":{"start":{"line":25,"column":15},"end":{"line":25,"column":21}},"type":"binary-expr","locations":[{"start":{"line":25,"column":15},"end":{"line":25,"column":21}},{"start":{"line":25,"column":15},"end":{"line":25,"column":21}}]},"2":{"loc":{"start":{"line":26,"column":16},"end":{"line":26,"column":26}},"type":"cond-expr","locations":[{"start":{"line":26,"column":20},"end":{"line":26,"column":22}},{"start":{"line":26,"column":16},"end":{"line":26,"column":26}}]},"3":{"loc":{"start":{"line":26,"column":16},"end":{"line":26,"column":22}},"type":"binary-expr","locations":[{"start":{"line":26,"column":16},"end":{"line":26,"column":22}},{"start":{"line":26,"column":16},"end":{"line":26,"column":22}}]},"4":{"loc":{"start":{"line":27,"column":17},"end":{"line":27,"column":28}},"type":"cond-expr","locations":[{"start":{"line":27,"column":21},"end":{"line":27,"column":23}},{"start":{"line":27,"column":17},"end":{"line":27,"column":28}}]},"5":{"loc":{"start":{"line":27,"column":17},"end":{"line":27,"column":23}},"type":"binary-expr","locations":[{"start":{"line":27,"column":17},"end":{"line":27,"column":23}},{"start":{"line":27,"column":17},"end":{"line":27,"column":23}}]},"6":{"loc":{"start":{"line":28,"column":17},"end":{"line":28,"column":28}},"type":"cond-expr","locations":[{"start":{"line":28,"column":21},"end":{"line":28,"column":23}},{"start":{"line":28,"column":17},"end":{"line":28,"column":28}}]},"7":{"loc":{"start":{"line":28,"column":17},"end":{"line":28,"column":23}},"type":"binary-expr","locations":[{"start":{"line":28,"column":17},"end":{"line":28,"column":23}},{"start":{"line":28,"column":17},"end":{"line":28,"column":23}}]},"8":{"loc":{"start":{"line":29,"column":19},"end":{"line":29,"column":32}},"type":"cond-expr","locations":[{"start":{"line":29,"column":23},"end":{"line":29,"column":25}},{"start":{"line":29,"column":19},"end":{"line":29,"column":32}}]},"9":{"loc":{"start":{"line":29,"column":19},"end":{"line":29,"column":25}},"type":"binary-expr","locations":[{"start":{"line":29,"column":19},"end":{"line":29,"column":25}},{"start":{"line":29,"column":19},"end":{"line":29,"column":25}}]},"10":{"loc":{"start":{"line":30,"column":20},"end":{"line":30,"column":34}},"type":"cond-expr","locations":[{"start":{"line":30,"column":24},"end":{"line":30,"column":26}},{"start":{"line":30,"column":20},"end":{"line":30,"column":34}}]},"11":{"loc":{"start":{"line":30,"column":20},"end":{"line":30,"column":26}},"type":"binary-expr","locations":[{"start":{"line":30,"column":20},"end":{"line":30,"column":26}},{"start":{"line":30,"column":20},"end":{"line":30,"column":26}}]}},"s":{"0":3,"1":3,"2":3,"3":3,"4":3,"5":3,"6":3,"7":3,"8":3,"9":3,"10":3,"11":3,"12":3,"13":3,"14":3,"15":0,"16":0,"17":3,"18":3},"f":{"0":3,"1":0,"2":0},"b":{"0":[1,2],"1":[3,3],"2":[1,2],"3":[3,3],"4":[1,2],"5":[3,3],"6":[1,2],"7":[3,3],"8":[1,2],"9":[3,3],"10":[1,2],"11":[3,3]}}
,"/Users/pauloweber/Documents/Projetos/PESSOAL/teste-novo/new-bank/src/user/validators/cpf.validator.ts": {"path":"/Users/pauloweber/Documents/Projetos/PESSOAL/teste-novo/new-bank/src/user/validators/cpf.validator.ts","statementMap":{"0":{"start":{"line":1,"column":0},"end":{"line":1,"column":44}},"1":{"start":{"line":2,"column":0},"end":{"line":2,"column":null}},"2":{"start":{"line":8,"column":0},"end":{"line":8,"column":46}},"3":{"start":{"line":12,"column":7},"end":{"line":20,"column":null}},"4":{"start":{"line":13,"column":31},"end":{"line":13,"column":44}},"5":{"start":{"line":16,"column":4},"end":{"line":18,"column":15}},"6":{"start":{"line":12,"column":13},"end":{"line":20,"column":null}},"7":{"start":{"line":12,"column":13},"end":{"line":12,"column":33}},"8":{"start":{"line":22,"column":27},"end":{"line":33,"column":1}},"9":{"start":{"line":24,"column":2},"end":{"line":32,"column":4}},"10":{"start":{"line":25,"column":4},"end":{"line":31,"column":7}},"11":{"start":{"line":22,"column":13},"end":{"line":22,"column":27}}},"fnMap":{"0":{"name":"(anonymous_2)","decl":{"start":{"line":13,"column":2},"end":{"line":13,"column":31}},"loc":{"start":{"line":13,"column":55},"end":{"line":13,"column":59}}},"1":{"name":"(anonymous_3)","decl":{"start":{"line":15,"column":2},"end":{"line":15,"column":7}},"loc":{"start":{"line":15,"column":27},"end":{"line":19,"column":3}}},"2":{"name":"(anonymous_4)","decl":{"start":{"line":22,"column":27},"end":{"line":22,"column":28}},"loc":{"start":{"line":22,"column":68},"end":{"line":33,"column":1}}},"3":{"name":"(anonymous_5)","decl":{"start":{"line":24,"column":9},"end":{"line":24,"column":10}},"loc":{"start":{"line":24,"column":46},"end":{"line":32,"column":3}}}},"branchMap":{},"s":{"0":3,"1":3,"2":3,"3":3,"4":0,"5":0,"6":3,"7":3,"8":3,"9":3,"10":3,"11":3},"f":{"0":0,"1":0,"2":3,"3":3},"b":{}}
,"/Users/pauloweber/Documents/Projetos/PESSOAL/teste-novo/new-bank/src/user/validators/email.validator.ts": {"path":"/Users/pauloweber/Documents/Projetos/PESSOAL/teste-novo/new-bank/src/user/validators/email.validator.ts","statementMap":{"0":{"start":{"line":1,"column":0},"end":{"line":1,"column":44}},"1":{"start":{"line":2,"column":0},"end":{"line":2,"column":null}},"2":{"start":{"line":8,"column":0},"end":{"line":8,"column":46}},"3":{"start":{"line":12,"column":7},"end":{"line":21,"column":null}},"4":{"start":{"line":13,"column":31},"end":{"line":13,"column":44}},"5":{"start":{"line":19,"column":4},"end":{"line":19,"column":16}},"6":{"start":{"line":12,"column":13},"end":{"line":21,"column":null}},"7":{"start":{"line":12,"column":13},"end":{"line":12,"column":35}},"8":{"start":{"line":23,"column":29},"end":{"line":34,"column":1}},"9":{"start":{"line":25,"column":2},"end":{"line":33,"column":4}},"10":{"start":{"line":26,"column":4},"end":{"line":32,"column":7}},"11":{"start":{"line":23,"column":13},"end":{"line":23,"column":29}}},"fnMap":{"0":{"name":"(anonymous_2)","decl":{"start":{"line":13,"column":2},"end":{"line":13,"column":31}},"loc":{"start":{"line":13,"column":55},"end":{"line":13,"column":59}}},"1":{"name":"(anonymous_3)","decl":{"start":{"line":15,"column":2},"end":{"line":15,"column":7}},"loc":{"start":{"line":15,"column":27},"end":{"line":20,"column":3}}},"2":{"name":"(anonymous_4)","decl":{"start":{"line":23,"column":29},"end":{"line":23,"column":30}},"loc":{"start":{"line":23,"column":70},"end":{"line":34,"column":1}}},"3":{"name":"(anonymous_5)","decl":{"start":{"line":25,"column":9},"end":{"line":25,"column":10}},"loc":{"start":{"line":25,"column":46},"end":{"line":33,"column":3}}}},"branchMap":{},"s":{"0":3,"1":3,"2":3,"3":3,"4":0,"5":0,"6":3,"7":3,"8":3,"9":3,"10":3,"11":3},"f":{"0":0,"1":0,"2":3,"3":3},"b":{}}
,"/Users/pauloweber/Documents/Projetos/PESSOAL/teste-novo/new-bank/src/utils/column-numeric-transformer.ts": {"path":"/Users/pauloweber/Documents/Projetos/PESSOAL/teste-novo/new-bank/src/utils/column-numeric-transformer.ts","statementMap":{"0":{"start":{"line":4,"column":4},"end":{"line":4,"column":16}},"1":{"start":{"line":7,"column":4},"end":{"line":7,"column":28}},"2":{"start":{"line":2,"column":0},"end":{"line":2,"column":13}}},"fnMap":{"0":{"name":"(anonymous_0)","decl":{"start":{"line":3,"column":2},"end":{"line":3,"column":4}},"loc":{"start":{"line":3,"column":17},"end":{"line":5,"column":3}}},"1":{"name":"(anonymous_1)","decl":{"start":{"line":6,"column":2},"end":{"line":6,"column":6}},"loc":{"start":{"line":6,"column":19},"end":{"line":8,"column":3}}}},"branchMap":{},"s":{"0":0,"1":0,"2":3},"f":{"0":0,"1":0},"b":{}}
,"/Users/pauloweber/Documents/Projetos/PESSOAL/teste-novo/new-bank/src/utils/data.handler.ts": {"path":"/Users/pauloweber/Documents/Projetos/PESSOAL/teste-novo/new-bank/src/utils/data.handler.ts","statementMap":{"0":{"start":{"line":7,"column":4},"end":{"line":7,"column":25}},"1":{"start":{"line":8,"column":4},"end":{"line":8,"column":27}},"2":{"start":{"line":9,"column":4},"end":{"line":9,"column":27}},"3":{"start":{"line":13,"column":0},"end":{"line":13,"column":27}}},"fnMap":{"0":{"name":"(anonymous_0)","decl":{"start":{"line":6,"column":2},"end":{"line":6,"column":14}},"loc":{"start":{"line":6,"column":43},"end":{"line":10,"column":3}}}},"branchMap":{"0":{"loc":{"start":{"line":6,"column":31},"end":{"line":6,"column":43}},"type":"default-arg","locations":[{"start":{"line":6,"column":41},"end":{"line":6,"column":43}}]}},"s":{"0":4,"1":4,"2":4,"3":3},"f":{"0":4},"b":{"0":[0]}}
,"/Users/pauloweber/Documents/Projetos/PESSOAL/teste-novo/new-bank/src/utils/utils.ts": {"path":"/Users/pauloweber/Documents/Projetos/PESSOAL/teste-novo/new-bank/src/utils/utils.ts","statementMap":{"0":{"start":{"line":1,"column":0},"end":{"line":1,"column":null}},"1":{"start":{"line":2,"column":2},"end":{"line":2,"column":null}},"2":{"start":{"line":3,"column":2},"end":{"line":3,"column":null}},"3":{"start":{"line":4,"column":2},"end":{"line":4,"column":null}},"4":{"start":{"line":5,"column":2},"end":{"line":5,"column":null}},"5":{"start":{"line":6,"column":2},"end":{"line":6,"column":null}},"6":{"start":{"line":7,"column":2},"end":{"line":7,"column":null}},"7":{"start":{"line":8,"column":2},"end":{"line":8,"column":null}},"8":{"start":{"line":9,"column":2},"end":{"line":9,"column":null}},"9":{"start":{"line":10,"column":2},"end":{"line":10,"column":null}},"10":{"start":{"line":11,"column":2},"end":{"line":11,"column":null}},"11":{"start":{"line":15,"column":15},"end":{"line":15,"column":17}},"12":{"start":{"line":16,"column":21},"end":{"line":16,"column":33}},"13":{"start":{"line":17,"column":27},"end":{"line":17,"column":44}},"14":{"start":{"line":18,"column":2},"end":{"line":20,"column":null}},"15":{"start":{"line":18,"column":15},"end":{"line":18,"column":16}},"16":{"start":{"line":19,"column":4},"end":{"line":19,"column":78}},"17":{"start":{"line":21,"column":2},"end":{"line":21,"column":16}},"18":{"start":{"line":14,"column":0},"end":{"line":14,"column":16}}},"fnMap":{"0":{"name":"(anonymous_0)","decl":{"start":{"line":1,"column":0},"end":{"line":1,"column":12}},"loc":{"start":{"line":1,"column":20},"end":{"line":12,"column":1}}},"1":{"name":"generateAccountNumber","decl":{"start":{"line":14,"column":16},"end":{"line":14,"column":37}},"loc":{"start":{"line":14,"column":44},"end":{"line":22,"column":1}}}},"branchMap":{"0":{"loc":{"start":{"line":1,"column":12},"end":{"line":1,"column":null}},"type":"binary-expr","locations":[{"start":{"line":1,"column":12},"end":{"line":1,"column":20}},{"start":{"line":1,"column":12},"end":{"line":1,"column":null}}]}},"s":{"0":3,"1":3,"2":3,"3":3,"4":3,"5":3,"6":3,"7":3,"8":3,"9":3,"10":3,"11":1,"12":1,"13":1,"14":1,"15":1,"16":10,"17":1,"18":3},"f":{"0":3,"1":1},"b":{"0":[3,3]}}
}
